<?xml version="1.0" encoding="UTF-8"?>
<!-- Generated by org.testng.reporters.JUnitXMLReporter -->
<testsuite hostname="pc" ignored="0" name="CucmberTestngTest" tests="3" failures="0" timestamp="16 Mar 2020 09:34:50 GMT" time="42.559" errors="0">
  <testcase name="runScenario" time="15.912" classname="io.cucumber.testng.AbstractTestNGCucumberTests"/>
  <testcase name="runScenario" time="10.457" classname="io.cucumber.testng.AbstractTestNGCucumberTests"/>
  <testcase name="runScenario" time="15.602" classname="io.cucumber.testng.AbstractTestNGCucumberTests"/>
</testsuite> <!-- CucmberTestngTest -->
